Using pre-set license
Built from '2020.3/staging' branch; Version is '2020.3.17f1 (a4537701e4ab) revision 10769271'; Using compiler version '192528614'; Build Type 'Release'
OS: 'Windows 10 Pro; OS build 19042.1288; Version 2009; 64bit' Language: 'tr' Physical Memory: 16145 MB
BatchMode: 1, IsHumanControllingUs: 0, StartBugReporterOnCrash: 0, Is64bit: 1, IsPro: 0

COMMAND LINE ARGUMENTS:
C:\Program Files\Unity\Hub\Editor\2020.3.17f1\Editor\Unity.exe
-adb2
-batchMode
-noUpm
-name
AssetImportWorker0
-projectPath
C:/UnityProjects/SirStudiosCase
-logFile
Logs/AssetImportWorker0.log
-srvPort
54369
Successfully changed project path to: C:/UnityProjects/SirStudiosCase
C:/UnityProjects/SirStudiosCase
Using Asset Import Pipeline V2.
Refreshing native plugins compatible for Editor in 48.48 ms, found 2 plugins.
Preloading 0 native plugins for Editor in 0.00 ms.
Initialize engine version: 2020.3.17f1 (a4537701e4ab)
[Subsystems] Discovering subsystems at path C:/Program Files/Unity/Hub/Editor/2020.3.17f1/Editor/Data/Resources/UnitySubsystems
[Subsystems] Discovering subsystems at path C:/UnityProjects/SirStudiosCase/Assets
GfxDevice: creating device client; threaded=0
Direct3D:
    Version:  Direct3D 11.0 [level 11.1]
    Renderer: NVIDIA GeForce RTX 2060 (ID=0x1f15)
    Vendor:   
    VRAM:     5980 MB
    Driver:   27.21.14.6627
Shader 'Custom/RainShader': fallback shader 'Particles/Alpha Blended' not found
Initialize mono
Mono path[0] = 'C:/Program Files/Unity/Hub/Editor/2020.3.17f1/Editor/Data/Managed'
Mono path[1] = 'C:/Program Files/Unity/Hub/Editor/2020.3.17f1/Editor/Data/MonoBleedingEdge/lib/mono/unityjit'
Mono config path = 'C:/Program Files/Unity/Hub/Editor/2020.3.17f1/Editor/Data/MonoBleedingEdge/etc'
Using monoOptions --debugger-agent=transport=dt_socket,embedding=1,server=y,suspend=n,address=127.0.0.1:56712
Begin MonoManager ReloadAssembly
Registering precompiled unity dll's ...
Register platform support module: C:/Program Files/Unity/Hub/Editor/2020.3.17f1/Editor/Data/PlaybackEngines/WindowsStandaloneSupport/UnityEditor.WindowsStandalone.Extensions.dll
Registered in 0.001310 seconds.
Native extension for WindowsStandalone target not found
Refreshing native plugins compatible for Editor in 44.01 ms, found 2 plugins.
Preloading 0 native plugins for Editor in 0.00 ms.
Mono: successfully reloaded assembly
- Completed reload, in  1.437 seconds
Domain Reload Profiling:
	ReloadAssembly (1437ms)
		BeginReloadAssembly (51ms)
			ExecutionOrderSort (0ms)
			DisableScriptedObjects (0ms)
			BackupInstance (0ms)
			ReleaseScriptingObjects (0ms)
			CreateAndSetChildDomain (1ms)
		EndReloadAssembly (370ms)
			LoadAssemblies (49ms)
			RebuildTransferFunctionScriptingTraits (0ms)
			SetupTypeCache (128ms)
			ReleaseScriptCaches (0ms)
			RebuildScriptCaches (28ms)
			SetupLoadedEditorAssemblies (149ms)
				LogAssemblyErrors (0ms)
				InitializePlatformSupportModulesInManaged (3ms)
				SetLoadedEditorAssemblies (0ms)
				RefreshPlugins (44ms)
				BeforeProcessingInitializeOnLoad (11ms)
				ProcessInitializeOnLoadAttributes (67ms)
				ProcessInitializeOnLoadMethodAttributes (23ms)
				AfterProcessingInitializeOnLoad (0ms)
				EditorAssembliesLoaded (0ms)
			ExecutionOrderSort2 (0ms)
			AwakeInstancesAfterBackupRestoration (0ms)
Platform modules already initialized, skipping
Registering precompiled user dll's ...
Registered in 0.002430 seconds.
Begin MonoManager ReloadAssembly
Native extension for WindowsStandalone target not found
Refreshing native plugins compatible for Editor in 0.47 ms, found 2 plugins.
Preloading 0 native plugins for Editor in 0.00 ms.
Mono: successfully reloaded assembly
- Completed reload, in  0.863 seconds
Domain Reload Profiling:
	ReloadAssembly (863ms)
		BeginReloadAssembly (117ms)
			ExecutionOrderSort (0ms)
			DisableScriptedObjects (4ms)
			BackupInstance (0ms)
			ReleaseScriptingObjects (0ms)
			CreateAndSetChildDomain (15ms)
		EndReloadAssembly (695ms)
			LoadAssemblies (66ms)
			RebuildTransferFunctionScriptingTraits (0ms)
			SetupTypeCache (234ms)
			ReleaseScriptCaches (0ms)
			RebuildScriptCaches (42ms)
			SetupLoadedEditorAssemblies (273ms)
				LogAssemblyErrors (0ms)
				InitializePlatformSupportModulesInManaged (4ms)
				SetLoadedEditorAssemblies (0ms)
				RefreshPlugins (1ms)
				BeforeProcessingInitializeOnLoad (76ms)
				ProcessInitializeOnLoadAttributes (184ms)
				ProcessInitializeOnLoadMethodAttributes (3ms)
				AfterProcessingInitializeOnLoad (4ms)
				EditorAssembliesLoaded (0ms)
			ExecutionOrderSort2 (0ms)
			AwakeInstancesAfterBackupRestoration (5ms)
Platform modules already initialized, skipping
========================================================================
Worker process is ready to serve import requests
Shader 'Custom/RainShader': fallback shader 'Particles/Alpha Blended' not found
Launched and connected shader compiler UnityShaderCompiler.exe after 0.07 seconds
Refreshing native plugins compatible for Editor in 0.52 ms, found 2 plugins.
Preloading 0 native plugins for Editor in 0.00 ms.
Unloading 1720 Unused Serialized files (Serialized files now loaded: 0)
System memory in use before: 81.8 MB.
System memory in use after: 81.8 MB.

Unloading 17 unused Assets to reduce memory usage. Loaded Objects now: 2155.
Total: 3.186700 ms (FindLiveObjects: 0.167900 ms CreateObjectMapping: 0.054000 ms MarkObjects: 2.896100 ms  DeleteObjects: 0.067600 ms)

AssetImportParameters requested are different than current active one (requested -> active):
  custom:framework-win-MediaFoundation: 216162199b28c13a410421893ffa2e32 -> 
  custom:video-decoder-ogg-theora: a1e56fd34408186e4bbccfd4996cb3dc -> 
  custom:container-muxer-webm: aa71ff27fc2769a1b78a27578f13a17b -> 
  custom:container-demuxer-webm: 4f35f7cbe854078d1ac9338744f61a02 -> 
  custom:container-demuxer-ogg: 62fdf1f143b41e24485cea50d1cbac27 -> 
  custom:video-encoder-webm-vp8: eb34c28f22e8b96e1ab97ce403110664 -> 
  custom:video-decoder-webm-vp8: 9c59270c3fd7afecdb556c50c9e8de78 -> 
  custom:audio-decoder-ogg-vorbis: bf7c407c2cedff20999df2af8eb42d56 -> 
  custom:audio-encoder-webm-vorbis: bf7c407c2cedff20999df2af8eb42d56 -> 
========================================================================
Received Import Request.
  path: Assets/New Terrain.asset
  artifactKey: Guid(4697b89120fbba54b82533c87cfaf595) Importer(815301076,1909f56bfc062723c751e8b465ee728b)
Start importing Assets/New Terrain.asset using Guid(4697b89120fbba54b82533c87cfaf595) Importer(815301076,1909f56bfc062723c751e8b465ee728b)  -> (artifact id: 'd315e71df92c42b053c1667a434e601d') in 0.070224 seconds 
  Import took 0.072640 seconds .

========================================================================
Received Import Request.
  Time since last request: 9.089435 seconds.
  path: Assets/Scene
  artifactKey: Guid(42d8ce959cde8314f9f43a808b3c8d98) Importer(815301076,1909f56bfc062723c751e8b465ee728b)
Start importing Assets/Scene using Guid(42d8ce959cde8314f9f43a808b3c8d98) Importer(815301076,1909f56bfc062723c751e8b465ee728b)  -> (artifact id: '9abcd1ecd4ba60186c363a06c4321787') in 0.006968 seconds 
  Import took 0.009258 seconds .

========================================================================
Received Import Request.
  Time since last request: 0.010638 seconds.
  path: Assets/Scene
  artifactKey: Guid(42d8ce959cde8314f9f43a808b3c8d98) Importer(815301076,1909f56bfc062723c751e8b465ee728b)
Start importing Assets/Scene using Guid(42d8ce959cde8314f9f43a808b3c8d98) Importer(815301076,1909f56bfc062723c751e8b465ee728b)  -> (artifact id: '9abcd1ecd4ba60186c363a06c4321787') in 0.002607 seconds 
  Import took 0.005371 seconds .

========================================================================
Received Import Request.
  Time since last request: 0.746490 seconds.
  path: Assets/Scene/MainScene.unity
  artifactKey: Guid(b23b42fa1ef244ccfb1b685627ecd794) Importer(815301076,1909f56bfc062723c751e8b465ee728b)
Start importing Assets/Scene/MainScene.unity using Guid(b23b42fa1ef244ccfb1b685627ecd794) Importer(815301076,1909f56bfc062723c751e8b465ee728b)  -> (artifact id: 'c54aafb50feee801f044d131a8f3b83e') in 0.006691 seconds 
  Import took 0.009363 seconds .

========================================================================
Received Import Request.
  Time since last request: 0.000333 seconds.
  path: Assets/Scene/MainScene.unity
  artifactKey: Guid(b23b42fa1ef244ccfb1b685627ecd794) Importer(815301076,1909f56bfc062723c751e8b465ee728b)
Start importing Assets/Scene/MainScene.unity using Guid(b23b42fa1ef244ccfb1b685627ecd794) Importer(815301076,1909f56bfc062723c751e8b465ee728b)  -> (artifact id: 'c54aafb50feee801f044d131a8f3b83e') in 0.002508 seconds 
  Import took 0.005855 seconds .

========================================================================
Received Import Request.
  Time since last request: 15.196055 seconds.
  path: Assets/Scene/MainScene
  artifactKey: Guid(f54ad44396bf17e459a70c64510155d9) Importer(815301076,1909f56bfc062723c751e8b465ee728b)
Start importing Assets/Scene/MainScene using Guid(f54ad44396bf17e459a70c64510155d9) Importer(815301076,1909f56bfc062723c751e8b465ee728b)  -> (artifact id: 'a982275ab67b7c149bb4f5035ccf252c') in 0.007804 seconds 
  Import took 0.010776 seconds .

========================================================================
Received Import Request.
  Time since last request: 0.091111 seconds.
  path: Assets/Scene/MainScene/OcclusionCullingData.asset
  artifactKey: Guid(5328e033862919143b7337235e9ccdc8) Importer(815301076,1909f56bfc062723c751e8b465ee728b)
Start importing Assets/Scene/MainScene/OcclusionCullingData.asset using Guid(5328e033862919143b7337235e9ccdc8) Importer(815301076,1909f56bfc062723c751e8b465ee728b)  -> (artifact id: '08dc418c022b68c24b8a48399a141905') in 0.007998 seconds 
  Import took 0.010219 seconds .

========================================================================
Received Import Request.
  Time since last request: 4.465617 seconds.
  path: Assets/Arts
  artifactKey: Guid(aed02fde3a7753743ba69ecf6d243547) Importer(815301076,1909f56bfc062723c751e8b465ee728b)
Start importing Assets/Arts using Guid(aed02fde3a7753743ba69ecf6d243547) Importer(815301076,1909f56bfc062723c751e8b465ee728b)  -> (artifact id: '994e66f4cba25384b2b2eaced3578b37') in 0.009286 seconds 
  Import took 0.012916 seconds .

========================================================================
Received Import Request.
  Time since last request: 0.000826 seconds.
  path: Assets/Arts
  artifactKey: Guid(aed02fde3a7753743ba69ecf6d243547) Importer(815301076,1909f56bfc062723c751e8b465ee728b)
Start importing Assets/Arts using Guid(aed02fde3a7753743ba69ecf6d243547) Importer(815301076,1909f56bfc062723c751e8b465ee728b)  -> (artifact id: '994e66f4cba25384b2b2eaced3578b37') in 0.002267 seconds 
  Import took 0.005653 seconds .

========================================================================
Received Import Request.
  Time since last request: 2.916672 seconds.
  path: Assets/Arts/Environment
  artifactKey: Guid(c4911678bb64a5c42aa23895ef26cde1) Importer(815301076,1909f56bfc062723c751e8b465ee728b)
Start importing Assets/Arts/Environment using Guid(c4911678bb64a5c42aa23895ef26cde1) Importer(815301076,1909f56bfc062723c751e8b465ee728b)  -> (artifact id: '19870180481db6cfe1d088fa9f971a65') in 0.007132 seconds 
  Import took 0.009533 seconds .

========================================================================
Received Import Request.
  Time since last request: 4.773000 seconds.
  path: Assets/Arts/Environment/FX
  artifactKey: Guid(16e6ff24f12e59044b3274254acb0554) Importer(815301076,1909f56bfc062723c751e8b465ee728b)
Start importing Assets/Arts/Environment/FX using Guid(16e6ff24f12e59044b3274254acb0554) Importer(815301076,1909f56bfc062723c751e8b465ee728b)  -> (artifact id: 'b75adc5986298dbc744ef50e0881645b') in 0.007784 seconds 
  Import took 0.010363 seconds .

========================================================================
Received Import Request.
  Time since last request: 0.938157 seconds.
  path: Assets/Arts/Environment/FX/RainMaker
  artifactKey: Guid(79ee6f4cc90cf754bb26b8ce141483bc) Importer(815301076,1909f56bfc062723c751e8b465ee728b)
Start importing Assets/Arts/Environment/FX/RainMaker using Guid(79ee6f4cc90cf754bb26b8ce141483bc) Importer(815301076,1909f56bfc062723c751e8b465ee728b)  -> (artifact id: '9a1d241f9fbcf6d0f4c8297e082f416b') in 0.006729 seconds 
  Import took 0.009586 seconds .

========================================================================
Received Import Request.
  Time since last request: 0.001077 seconds.
  path: Assets/Arts/Environment/FX/RainMaker
  artifactKey: Guid(79ee6f4cc90cf754bb26b8ce141483bc) Importer(815301076,1909f56bfc062723c751e8b465ee728b)
Start importing Assets/Arts/Environment/FX/RainMaker using Guid(79ee6f4cc90cf754bb26b8ce141483bc) Importer(815301076,1909f56bfc062723c751e8b465ee728b)  -> (artifact id: '9a1d241f9fbcf6d0f4c8297e082f416b') in 0.001697 seconds 
  Import took 0.004152 seconds .

========================================================================
Received Prepare
Registering precompiled user dll's ...
Registered in 0.002577 seconds.
Begin MonoManager ReloadAssembly
Native extension for WindowsStandalone target not found
Refreshing native plugins compatible for Editor in 0.44 ms, found 2 plugins.
Preloading 0 native plugins for Editor in 0.00 ms.
Mono: successfully reloaded assembly
- Completed reload, in  0.832 seconds
Domain Reload Profiling:
	ReloadAssembly (833ms)
		BeginReloadAssembly (101ms)
			ExecutionOrderSort (0ms)
			DisableScriptedObjects (3ms)
			BackupInstance (0ms)
			ReleaseScriptingObjects (0ms)
			CreateAndSetChildDomain (27ms)
		EndReloadAssembly (672ms)
			LoadAssemblies (74ms)
			RebuildTransferFunctionScriptingTraits (0ms)
			SetupTypeCache (239ms)
			ReleaseScriptCaches (1ms)
			RebuildScriptCaches (35ms)
			SetupLoadedEditorAssemblies (246ms)
				LogAssemblyErrors (0ms)
				InitializePlatformSupportModulesInManaged (4ms)
				SetLoadedEditorAssemblies (0ms)
				RefreshPlugins (0ms)
				BeforeProcessingInitializeOnLoad (68ms)
				ProcessInitializeOnLoadAttributes (164ms)
				ProcessInitializeOnLoadMethodAttributes (3ms)
				AfterProcessingInitializeOnLoad (5ms)
				EditorAssembliesLoaded (0ms)
			ExecutionOrderSort2 (0ms)
			AwakeInstancesAfterBackupRestoration (5ms)
Platform modules already initialized, skipping
Shader 'Custom/RainShader': fallback shader 'Particles/Alpha Blended' not found
Refreshing native plugins compatible for Editor in 0.53 ms, found 2 plugins.
Preloading 0 native plugins for Editor in 0.00 ms.
Unloading 1676 Unused Serialized files (Serialized files now loaded: 0)
System memory in use before: 79.4 MB.
System memory in use after: 79.0 MB.

Unloading 21 unused Assets to reduce memory usage. Loaded Objects now: 2153.
Total: 2.500900 ms (FindLiveObjects: 0.153500 ms CreateObjectMapping: 0.049000 ms MarkObjects: 1.987300 ms  DeleteObjects: 0.310000 ms)

AssetImportParameters requested are different than current active one (requested -> active):
  custom:framework-win-MediaFoundation: 216162199b28c13a410421893ffa2e32 -> 
  custom:video-decoder-ogg-theora: a1e56fd34408186e4bbccfd4996cb3dc -> 
  custom:container-muxer-webm: aa71ff27fc2769a1b78a27578f13a17b -> 
  custom:container-demuxer-webm: 4f35f7cbe854078d1ac9338744f61a02 -> 
  custom:container-demuxer-ogg: 62fdf1f143b41e24485cea50d1cbac27 -> 
  custom:video-encoder-webm-vp8: eb34c28f22e8b96e1ab97ce403110664 -> 
  custom:video-decoder-webm-vp8: 9c59270c3fd7afecdb556c50c9e8de78 -> 
  custom:audio-decoder-ogg-vorbis: bf7c407c2cedff20999df2af8eb42d56 -> 
  custom:audio-encoder-webm-vorbis: bf7c407c2cedff20999df2af8eb42d56 -> 
AssetImportWorkerClient::OnTransportError - code=2 error=End of file
